#
# There is insufficient memory for the Java Runtime Environment to continue.
# Native memory allocation (mmap) failed to map 264241152 bytes for G1 virtual space
# Possible reasons:
#   The system is out of physical RAM or swap space
#   The process is running with CompressedOops enabled, and the Java Heap may be blocking the growth of the native heap
# Possible solutions:
#   Reduce memory load on the system
#   Increase physical memory or swap space
#   Check if swap backing store is full
#   Decrease Java heap size (-Xmx/-Xms)
#   Decrease number of Java threads
#   Decrease Java thread stack sizes (-Xss)
#   Set larger code cache with -XX:ReservedCodeCacheSize=
#   JVM is running with Zero Based Compressed Oops mode in which the Java heap is
#     placed in the first 32GB address space. The Java Heap base address is the
#     maximum limit for the native heap growth. Please use -XX:HeapBaseMinAddress
#     to set the Java Heap base and to place the Java Heap above 32GB virtual address.
# This output file may be truncated or incomplete.
#
#  Out of Memory Error (os_windows.cpp:3536), pid=12560, tid=13076
#
# JRE version:  (19.0.2+7) (build )
# Java VM: OpenJDK 64-Bit Server VM (19.0.2+7-FR, mixed mode, emulated-client, sharing, tiered, compressed oops, compressed class ptrs, g1 gc, windows-amd64)
# No core dump will be written. Minidumps are not enabled by default on client versions of Windows
#

---------------  S U M M A R Y ------------

Command Line: -XX:TieredStopAtLevel=1 -Dspring.output.ansi.enabled=always -Dcom.sun.management.jmxremote -Dspring.jmx.enabled=true -Dspring.liveBeansView.mbeanDomain -Dspring.application.admin.enabled=true -Dmanagement.endpoints.jmx.exposure.include=* -javaagent:C:\Program Files\JetBrains\IntelliJ IDEA 2024.3.4\lib\idea_rt.jar=64150 -Dfile.encoding=UTF-8 -Dsun.stdout.encoding=UTF-8 -Dsun.stderr.encoding=UTF-8 org.example.trendyolfinalproject.TrendyolFinalProjectApplication

Host: 12th Gen Intel(R) Core(TM) i5-12500H, 16 cores, 15G,  Windows 11 , 64 bit Build 26100 (10.0.26100.4484)
Time: Sun Aug 24 13:16:10 2025 Azerbaijan Standard Time elapsed time: 2.048763 seconds (0d 0h 0m 2s)

---------------  T H R E A D  ---------------

Current thread (0x0000015ec3a302d0):  JavaThread "Unknown thread" [_thread_in_vm, id=13076, stack(0x0000005c8e600000,0x0000005c8e700000)]

Stack: [0x0000005c8e600000,0x0000005c8e700000]
Native frames: (J=compiled Java code, j=interpreted, Vv=VM code, C=native code)
V  [jvm.dll+0x6d034a]
V  [jvm.dll+0x880f10]
V  [jvm.dll+0x88289e]
V  [jvm.dll+0x882f43]
V  [jvm.dll+0x27b4bb]
V  [jvm.dll+0x6cd13a]
V  [jvm.dll+0x6c1d3a]
V  [jvm.dll+0x351969]
V  [jvm.dll+0x359076]
V  [jvm.dll+0x3ad28a]
V  [jvm.dll+0x3ad4cf]
V  [jvm.dll+0x3261ea]
V  [jvm.dll+0x3270a2]
V  [jvm.dll+0x84d530]
V  [jvm.dll+0x3ba241]
V  [jvm.dll+0x82f013]
V  [jvm.dll+0x43a3c3]
V  [jvm.dll+0x43bdf1]
C  [jli.dll+0x519f]
C  [ucrtbase.dll+0x37b0]
C  [KERNEL32.DLL+0x2e8d7]
C  [ntdll.dll+0x3c34c]


---------------  P R O C E S S  ---------------

Threads class SMR info:
_java_thread_list=0x00007ffecc68ace8, length=0, elements={
}

Java Threads: ( => current thread )

Other Threads:
  0x0000015ec3aa0d90 WorkerThread "GC Thread#0" [stack: 0x0000005c8e700000,0x0000005c8e800000] [id=12264]
  0x0000015ec193dff0 ConcurrentGCThread "G1 Main Marker" [stack: 0x0000005c8e800000,0x0000005c8e900000] [id=28916]
  0x0000015ec193e970 WorkerThread "G1 Conc#0" [stack: 0x0000005c8e900000,0x0000005c8ea00000] [id=32292]

[error occurred during error reporting (printing all threads), id 0xc0000005, EXCEPTION_ACCESS_VIOLATION (0xc0000005) at pc=0x00007ffecbe275f7]

VM state: not at safepoint (not fully initialized)

VM Mutex/Monitor currently owned by a thread:  ([mutex/lock_event])
[0x0000015ec3a2f330] Heap_lock - owner thread: 0x0000015ec3a302d0

Heap address: 0x0000000704c00000, size: 4020 MB, Compressed Oops mode: Zero based, Oop shift amount: 3

CDS archive(s) mapped at: [0x0000000000000000-0x0000000000000000-0x0000000000000000), size 0, SharedBaseAddress: 0x0000000800000000, ArchiveRelocationMode: 0.
Narrow klass base: 0x0000000000000000, Narrow klass shift: 0, Narrow klass range: 0x0

GC Precious Log:
 CardTable entry size: 512
 Card Set container configuration: InlinePtr #cards 4 size 8 Array Of Cards #cards 16 size 48 Howl #buckets 8 coarsen threshold 3686 Howl Bitmap #cards 512 size 80 coarsen threshold 460 Card regions per heap region 1 cards per card region 4096

Heap:
 garbage-first heap   total 0K, used 0K [0x0000000704c00000, 0x0000000800000000)
  region size 2048K, 0 young (0K), 0 survivors (0K)

[error occurred during error reporting (printing heap information), id 0xc0000005, EXCEPTION_ACCESS_VIOLATION (0xc0000005) at pc=0x00007ffecc218059]

GC Heap History (0 events):
No events

Dll operation events (1 events):
Event: 0.026 Loaded shared library C:\Users\user\.jdks\corretto-19.0.2\bin\java.dll

Deoptimization events (0 events):
No events

Classes loaded (0 events):
No events

Classes unloaded (0 events):
No events

Classes redefined (0 events):
No events

Internal exceptions (0 events):
No events

VM Operations (0 events):
No events

Events (0 events):
No events


Dynamic libraries:
0x00007ff6ddde0000 - 0x00007ff6ddded000 	C:\Users\user\.jdks\corretto-19.0.2\bin\java.exe
0x00007fff5e020000 - 0x00007fff5e288000 	C:\WINDOWS\SYSTEM32\ntdll.dll
0x00007fff5c4b0000 - 0x00007fff5c579000 	C:\WINDOWS\System32\KERNEL32.DLL
0x00007fff5b5d0000 - 0x00007fff5b9bd000 	C:\WINDOWS\System32\KERNELBASE.dll
0x00007fff5b170000 - 0x00007fff5b2bb000 	C:\WINDOWS\System32\ucrtbase.dll
0x00007fff36d10000 - 0x00007fff36d27000 	C:\Users\user\.jdks\corretto-19.0.2\bin\jli.dll
0x00007fff3af70000 - 0x00007fff3af85000 	C:\Users\user\.jdks\corretto-19.0.2\bin\VCRUNTIME140.dll
0x00007fff5d820000 - 0x00007fff5d9ec000 	C:\WINDOWS\System32\USER32.dll
0x00007fff5b5a0000 - 0x00007fff5b5c7000 	C:\WINDOWS\System32\win32u.dll
0x00007fff41bc0000 - 0x00007fff41e5a000 	C:\WINDOWS\WinSxS\amd64_microsoft.windows.common-controls_6595b64144ccf1df_6.0.26100.4484_none_3e0e6d4ce32ef3b3\COMCTL32.dll
0x00007fff5dc70000 - 0x00007fff5dc9b000 	C:\WINDOWS\System32\GDI32.dll
0x00007fff5dda0000 - 0x00007fff5de49000 	C:\WINDOWS\System32\msvcrt.dll
0x00007fff5ba50000 - 0x00007fff5bb87000 	C:\WINDOWS\System32\gdi32full.dll
0x00007fff5bb90000 - 0x00007fff5bc33000 	C:\WINDOWS\System32\msvcp_win.dll
0x00007fff5bff0000 - 0x00007fff5c01f000 	C:\WINDOWS\System32\IMM32.DLL
0x00007fff26b70000 - 0x00007fff26c0b000 	C:\Users\user\.jdks\corretto-19.0.2\bin\msvcp140.dll
0x00007ffecbaf0000 - 0x00007ffecc7c9000 	C:\Users\user\.jdks\corretto-19.0.2\bin\server\jvm.dll
0x00007fff5bdc0000 - 0x00007fff5be74000 	C:\WINDOWS\System32\ADVAPI32.dll
0x00007fff5c030000 - 0x00007fff5c0d6000 	C:\WINDOWS\System32\sechost.dll
0x00007fff5d9f0000 - 0x00007fff5db08000 	C:\WINDOWS\System32\RPCRT4.dll
0x00007fff41bb0000 - 0x00007fff41bbb000 	C:\WINDOWS\SYSTEM32\VERSION.dll
0x00007fff46b70000 - 0x00007fff46ba5000 	C:\WINDOWS\SYSTEM32\WINMM.dll
0x00007fff3a6a0000 - 0x00007fff3a6aa000 	C:\WINDOWS\SYSTEM32\WSOCK32.dll
0x00007fff5df60000 - 0x00007fff5dfd4000 	C:\WINDOWS\System32\WS2_32.dll
0x00007fff59ed0000 - 0x00007fff59eeb000 	C:\WINDOWS\SYSTEM32\kernel.appcore.dll
0x00007fff4e120000 - 0x00007fff4e12a000 	C:\Users\user\.jdks\corretto-19.0.2\bin\jimage.dll
0x00007fff587d0000 - 0x00007fff58a11000 	C:\WINDOWS\SYSTEM32\DBGHELP.DLL
0x00007fff5c0f0000 - 0x00007fff5c476000 	C:\WINDOWS\System32\combase.dll
0x00007fff5bf00000 - 0x00007fff5bfe0000 	C:\WINDOWS\System32\OLEAUT32.dll
0x00007fff330e0000 - 0x00007fff33123000 	C:\WINDOWS\SYSTEM32\dbgcore.DLL
0x00007fff5b2c0000 - 0x00007fff5b359000 	C:\WINDOWS\System32\bcryptPrimitives.dll
0x00007fff4df10000 - 0x00007fff4df1e000 	C:\Users\user\.jdks\corretto-19.0.2\bin\instrument.dll
0x00007fff320b0000 - 0x00007fff320d6000 	C:\Users\user\.jdks\corretto-19.0.2\bin\java.dll

dbghelp: loaded successfully - version: 4.0.5 - missing functions: none
symbol engine: initialized successfully - sym options: 0x614 - pdb path: .;C:\Users\user\.jdks\corretto-19.0.2\bin;C:\WINDOWS\SYSTEM32;C:\WINDOWS\WinSxS\amd64_microsoft.windows.common-controls_6595b64144ccf1df_6.0.26100.4484_none_3e0e6d4ce32ef3b3;C:\Users\user\.jdks\corretto-19.0.2\bin\server

VM Arguments:
jvm_args: -XX:TieredStopAtLevel=1 -Dspring.output.ansi.enabled=always -Dcom.sun.management.jmxremote -Dspring.jmx.enabled=true -Dspring.liveBeansView.mbeanDomain -Dspring.application.admin.enabled=true -Dmanagement.endpoints.jmx.exposure.include=* -javaagent:C:\Program Files\JetBrains\IntelliJ IDEA 2024.3.4\lib\idea_rt.jar=64150 -Dfile.encoding=UTF-8 -Dsun.stdout.encoding=UTF-8 -Dsun.stderr.encoding=UTF-8 
java_command: org.example.trendyolfinalproject.TrendyolFinalProjectApplication
java_class_path (initial): C:\JavaProject\newOOp\trendyol-final-project\build\classes\java\main;C:\JavaProject\newOOp\trendyol-final-project\build\resources\main;C:\Users\user\.gradle\caches\modules-2\files-2.1\org.projectlombok\lombok\1.18.32\17d46b3e205515e1e8efd3ee4d57ce8018914163\lombok-1.18.32.jar;C:\Users\user\.gradle\caches\modules-2\files-2.1\org.mapstruct\mapstruct-processor\1.5.5.Final\897f6f115930b936287bef552bf5fe28cc64717d\mapstruct-processor-1.5.5.Final.jar;C:\Users\user\.gradle\caches\modules-2\files-2.1\org.springframework.boot\spring-boot-starter-data-jpa\3.2.7\4051a81f6d846ceefb873574062ed3d36fb6e488\spring-boot-starter-data-jpa-3.2.7.jar;C:\Users\user\.gradle\caches\modules-2\files-2.1\org.springframework.boot\spring-boot-starter-web\3.2.7\d8d60d4399c257ca865860efbf98734e7c3c8816\spring-boot-starter-web-3.2.7.jar;C:\Users\user\.gradle\caches\modules-2\files-2.1\org.springframework.boot\spring-boot-starter-mail\3.2.7\c566ad01595bf694b0ceb9c376a5e88c8d2526a8\spring-boot-starter-mail-3.2.7.jar;C:\Users\user\.gradle\caches\modules-2\files-2.1\org.springframework.boot\spring-boot-starter-validation\3.2.7\3160ba5d79d7f3006a5cdb0a45301cb15f00d2ae\spring-boot-starter-validation-3.2.7.jar;C:\Users\user\.gradle\caches\modules-2\files-2.1\org.springframework.boot\spring-boot-starter-security\3.2.7\78bd536a11ffb350d3ce9a3e3eff63f21899fed4\spring-boot-starter-security-3.2.7.jar;C:\Users\user\.gradle\caches\modules-2\files-2.1\org.springframework.cloud\spring-cloud-starter-openfeign\4.1.2\6f193ab2940d021a9b8d809d9665c40f67157f3f\spring-cloud-starter-openfeign-4.1.2.jar;C:\Users\user\.gradle\caches\modules-2\files-2.1\org.springdoc\springdoc-openapi-starter-webmvc-ui\2.5.0\e81e60e9be9fd65503071337e634b6056127a2fb\springdoc-openapi-starter-webmvc-ui-2.5.0.jar;C:\Users\user\.gradle\caches\modules-2\files-2.1\io.jsonwebtoken\jjwt-api\0.11.5\f742940045619d06383e7df37b21ac422b476cf1\jjwt-api-0.11.5.jar;C:\Users\user\.gradle\caches\modules-2\files-2.1\org.springframework.boot\spring-boot-starter-data-redis\3.2.7\daf0ddc6877071f9e4f602cf1d8f29934b75e4a3\spring-boot-starter-data-redis-3.2.7.jar;C:\Users\user\.gradle\caches\modules-2\files-2.1\org.springframework.boot\spring-boot-starter-cache\3.2.7\e56561f332e260f2af94697a38001c3616fee3ae\spring-boot-starter-cache-3.2.7.jar;C:\Users\user\.gradle\caches\modules-2\files-2.1\com.fasterxml.jackson.core\jackson-databind\2.15.4\560309fc381f77d4d15c4a4cdaa0db5025c4fd13\jackson-databind-2.15.4.jar;C:\Users\user\.gradle\caches\modules-2\files-2.1\org.apache.commons\commons-pool2\2.12.0\458563f69fbdaebf7daadfe10dc3a22e42a7de50\commons-pool2-2.12.0.jar;C:\Users\user\.gradle\caches\modules-2\files-2.1\org.mapstruct\mapstruct\1.5.5.Final\2ca3cbe39b6e9ea8d5ea521965a89bef2a1e8eeb\mapstruct-1.5.5.Final.jar;C:\Users\user\.gradle\caches\modules-2\files-2.1\org.springframework.boot\spring-boot-starter-aop\3.2.7\38bd0f08b662af58bfad60feb2383d168b0ea7b7\spring-boot-starter-aop-3.2.7.jar;C:\Users\user\.gradle\caches\modules-2\files-2.1\org.springframework.boot\spring-boot-starter-jdbc\3.2.7\90c9606a1309cd4c38605d0eaedd9d7d7ef2ef21\spring-boot-starter-jdbc-3.2.7.jar;C:\Users\user\.gradle\caches\modules-2\files-2.1\org.hibernate.orm\hibernate-core\6.4.9.Final\830adecd8345f54ae3fc49593cb7326883a97d9e\hibernate-core-6.4.9.Final.jar;C:\Users\user\.gradle\caches\modules-2\files-2.1\org.springframework.data\spring-data-jpa\3.2.7\13addd67fe66f22b630fd777e3c18b83c35a2610\spring-data-jpa-3.2.7.jar;C:\Users\user\.gradle\caches\modules-2\files-2.1\org.springframework\spring-aspects\6.1.10\8d869a8bcc99e71b98b9d5ca141539d6e6ba3061\spring-aspects-6.1.10.jar;C:\Users\user\.gradle\caches\modules-2\files-2.1\org.springframework.boot\spring-boot-starter-json\3.2.7\821ef9769310f010826435911d9e9e8cf75d2e37\spring-boot-starter-json-3.2.7.jar;C:\Users\user\.gradle\caches\modules-2\files-2.1\org.springframework.boot\spring-boot-starter\3.2.7\b3e32726d22c7d5a8853b144e689334e6a51faae\spring-boot-starter-3.2.7.jar;C:\Users\user\.gradle\caches\modules-2\files-2.1\org.springframework.boot\spring-boot-starter-tomcat\3.2.7\104e8c4a66e7d5821553d6a1059e19e117ce8ce9\spring-boot-starter-tomcat-3.2.7.jar;C:\Users\user\.gradle\caches\modules-2\files-2.1\org.springframework\spring-webmvc\6.1.10\476344c2f21ab070bc72108375d9355f2ec0ddd1\spring-webmvc-6.1.10.jar;C:\Users\user\.gradle\caches\modules-2\files-2.1\org.springframework\spring-web\6.1.10\876a856af61ef5712fb9a3013b798aa2b4a9475e\spring-web-6.1.10.jar;C:\Users\user\.gradle\caches\modules-2\files-2.1\org.springframework\spring-context-support\6.1.10\e51a2bdfcc004ae6e420edcfb29e628aaf26e00c\spring-context-support-6.1.10.jar;C:\Users\user\.gradle\caches\modules-2\files-2.1\org.eclipse.angus\jakarta.mail\2.0.3\3dea6aeee9603f573687b0d4da5dc1316d921bb7\jakarta.mail-2.0.3.jar;C:\Users\user\.gradle\caches\modules-2\files-2.1\org.apache.tomcat.embed\tomcat-embed-el\10.1.25\2f030e4971e29245c10e58723fb6b364ce23933b\tomcat-embed-el-10.1.25.jar;C:\Users\user\.gradle\caches\modules-2\files-2.1\org.hibernate.validator\hibernate-validator\8.0.1.Final\e49e116b3d3928060599b176b3538bb848718e95\hibernate-validator-8.0.1.Final.jar;C:\Users\user\.gradle\caches\modules-2\files-2.1\org.springframework.security\spring-security-web\6.2.5\40e9b4b23b70ea7065980ef93ba3a88085008534\spring-security-web-6.2.5.jar;C:\Users\user\.gradle\caches\modules-2\files-2.1\org.springframework.security\spring-security-config\6.2.5\66106bf72dda13853baa926910b403e0453e8cbc\spring-security-config-6.2.5.jar;C:\Users\user\.gradle\caches\modules-2\files-2.1\org.springframework\spring-aop\6.1.10\aa6a147eb08820fb503a992a8fe2c9fee3439129\spring-aop-6.1.10.jar;C:\Users\user\.gradle\caches\modules-2\files-2.1\org.springframework.cloud\spring-cloud-starter\4.1.3\c6f885cf9878e2f37117ad40552b79ca71414f3f\spring-cloud-starter-4.1.3.jar;C:\Users\user\.gradle\caches\modules-2\files-2.1\org.springframework.cloud\spring-cloud-openfeign-core\4.1.2\aef0dc5a25a737e38761850c9ee1d9144939db01\spring-cloud-openfeign-core-4.1.2.jar;C:\Users\user\.gradle\caches\modules-2\files-2.1\org.springframework.cloud\spring-cloud-commons\4.1.3\c39732387b090a905e14d76b1a4357322272dc72\spring-cloud-commons-4.1.3.jar;C:\Users\user\.gradle\caches\modules-2\files-2.1\io.github.openfeign\feign-slf4j\13.2.1\d8763cf7aef3b102ddb898390a68601c460d2b58\feign-slf4j-13.2.1.jar;C:\Users\user\.gradle\caches\modules-2\files-2.1\io.github.openfeign\feign-core\13.2.1\bf4b5650baccff231a79cc5b7f7b031dd35b5486\feign-core-13.2.1.jar;C:\Users\user\.gradle\caches\modules-2\files-2.1\org.springdoc\springdoc-openapi-starter-webmvc-api\2.5.0\a450d666f17b10adff53703b16bc77954a045fd2\springdoc-openapi-starter-webmvc-api-2.5.0.jar;C:\Users\user\.gradle\caches\modules-2\files-2.1\org.webjars\swagger-ui\5.13.0\262a148333ae8c7fd0e23606855ec516e473efd\swagger-ui-5.13.0.jar;C:\Users\user\.gradle\caches\modules-2\files-2.1\org.springframework.data\spring-data-redis\3.2.7\8d172aafead79bae245848788f0e40ab30ff8c4b\spring-data-redis-3.2.7.jar;C:\Users\user\.gradle\caches\modules-2\files-2.1\io.lettuce\lettuce-core\6.3.2.RELEASE\29b2aac09256c5fc2e9e9ad1df41c65dad5e557a\lettuce-core-6.3.2.RELEASE.jar;C:\Users\user\.gradle\caches\modules-2\files-2.1\com.fasterxml.jackson.core\jackson-annotations\2.15.4\5223ea5a9bf52cdc9c5e537a0e52f2432eaf208b\jackson-annotations-2.15.4.jar;C:\Users\user\.gradle\caches\modules-2\files-2.1\com.fasterxml.jackson.core\jackson-core\2.15.4\aebe84b45360debad94f692a4074c6aceb535fa0\jackson-core-2.15.4.jar;C:\Users\user\.gradle\caches\modules-2\files-2.1\org.aspectj\aspectjweaver\1.9.22\10736ab74a53af5e2e1b07e76335a5391526b6f8\aspectjweaver-1.9.22.jar;C:\Users\user\.gradle\caches\modules-2\files-2.1\com.zaxxer\HikariCP\5.0.1\a74c7f0a37046846e88d54f7cb6ea6d565c65f9c\HikariCP-5.0.1.jar;C:\Users\user\.gradle\caches\modules-2\files-2.1\org.springframework\spring-jdbc\6.1.10\bba7d7de1d944443bd9e45d0ebcbbb6ec6864be0\spring-jdbc-6.1.10.jar;C:\Users\user\.gradle\caches\modules-2\files-2.1\jakarta.persistence\jakarta.persistence-api\3.1.0\66901fa1c373c6aff65c13791cc11da72060a8d6\jakarta.persistence-api-3.1.0.jar;C:\Users\user\.gradle\caches\modules-2\files-2.1\jakarta.transaction\jakarta.transaction-api\2.0.1\51a520e3fae406abb84e2e1148e6746ce3f80a1a\jakarta.transaction-api-2.0.1.jar;C:\Users\user\.gradle\caches\modules-2\files-2.1\org.springframework\spring-context\6.1.10\6f869ea35a26028f3bfbfb52c72ef2b077fbb6e5\spring-context-6.1.10.jar;C:\Users\user\.gradle\caches\modules-2\files-2.1\org.springframework\spring-orm\6.1.10\b4cd93ddd043407b3ba3fdfca3b07db776581fec\spring-orm-6.1.10.jar;C:\Users\user\.gradle\caches\modules-2\files-2.1\org.springframework.data\spring-data-commons\3.2.7\d8ad8730fcb2528307a24b43cd7c3948c87f9cb3\spring-data-commons-3.2.7.jar;C:\Users\user\.gradle\caches\modules-2\files-2.1\org.springframework\spring-tx\6.1.10\1a2361bc1881ed1a0dc2e09561e8f560e1949c8e\spring-tx-6.1.10.jar;C:\Users\user\.gradle\caches\modules-2\files-2.1\org.springframework\spring-beans\6.1.10\a49252929fb2918f73eb7659ef98dff7306a7c2c\spring-beans-6.1.10.jar;C:\Users\user\.gradle\caches\modules-2\files-2.1\org.springframework\spring-core\6.1.10\eaf5b1f3e3bb5aa8b45ab255cf3270c1c4578f1d\spring-core-6.1.10.jar;C:\Users\user\.gradle\caches\modules-2\files-2.1\org.antlr\antlr4-runtime\4.13.0\5a02e48521624faaf5ff4d99afc88b01686af655\antlr4-runtime-4.13.0.jar;C:\Users\user\.gradle\caches\modules-2\files-2.1\jakarta.annotation\jakarta.annotation-api\2.1.1\48b9bda22b091b1f48b13af03fe36db3be6e1ae3\jakarta.annotation-api-2.1.1.jar;C:\Users\user\.gradle\caches\modules-2\files-2.1\org.slf4j\slf4j-api\2.0.13\80229737f704b121a318bba5d5deacbcf395bc77\slf4j-api-2.0.13.jar;C:\Users\user\.gradle\caches\modules-2\files-2.1\com.fasterxml.jackson.datatype\jackson-datatype-jsr310\2.15.4\7de629770a4559db57128d35ccae7d2fddd35db3\jackson-datatype-jsr310-2.15.4.jar;C:\Users\user\.gradle\caches\modules-2\files-2.1\com.fasterxml.jackson.datatype\jackson-datatype-jdk8\2.15.4\694777f182334a21bf1aeab1b04cc4398c801f3f\jackson-datatype-jdk8-2.15.4.jar;C:\Users\user\.gradle\caches\modules-2\files-2.1\com.fasterxml.jackson.module\jackson-module-parameter-names\2.15.4\e654497a08359db2521b69b5f710e00836915d8c\jackson-module-parameter-names-2.15.4.jar;C:\Users\user\.gradle\caches\modules-2\files-2.1\org.springframework.boot\spring-boot-autoconfigure\3.2.7\97c0c7b286163b21d4069dbb8d2a62e4a7a97d44\spring-boot-autoconfigure-3.2.7.jar;C:\Users\user\.gradle\caches\modules-2\files-2.1\org.springframework.boot\spring-boot\3.2.7\87bb7600797e4f686b9c8c644c7b47aaa084207d\spring-boot-3.2.7.jar;C:\Users\user\.gradle\caches\modules-2\files-2.1\org.springframework.boot\spring-boot-starter-logging\3.2.7\f681a916a6a2a1390faca0e4dec5fa983a468e92\spring-boot-starter-logging-3.2.7.jar;C:\Users\user\.gradle\caches\modules-2\files-2.1\org.yaml\snakeyaml\2.2\3af797a25458550a16bf89acc8e4ab2b7f2bfce0\snakeyaml-2.2.jar;C:\Users\user\.gradle\caches\modules-2\files-2.1\org.apache.tomcat.embed\tomcat-embed-websocket\10.1.25\efd7848a9677e9a7cf8367b43213805eca70805\tomcat-embed-websocket-10.1.25.jar;C:\Users\user\.gradle\caches\modules-2\files-2.1\org.apache.tomcat.embed\tomcat-embed-core\10.1.25\c1e5ee12f537e6b4fea2b98a7160dcf0db610561\tomcat-embed-core-10.1.25.jar;C:\Users\user\.gradle\caches\modules-2\files-2.1\org.springframework\spring-expression\6.1.10\a17d61f1388d0e13d6e7a740304e9d648fffc7c\spring-expression-6.1.10.jar;C:\Users\user\.gradle\caches\modules-2\files-2.1\io.micrometer\micrometer-observation\1.12.7\41cf5c9848d65c1559b9e78809fb22b7d85ba337\micrometer-observation-1.12.7.jar;C:\Users\user\.gradle\caches\modules-2\files-2.1\jakarta.activation\jakarta.activation-api\2.1.3\fa165bd70cda600368eee31555222776a46b881f\jakarta.activation-api-2.1.3.jar;C:\Users\user\.gradle\caches\modules-2\files-2.1\jakarta.validation\jakarta.validation-api\3.0.2\92b6631659ba35ca09e44874d3eb936edfeee532\jakarta.validation-api-3.0.2.jar;C:\Users\user\.gradle\caches\modules-2\files-2.1\org.jboss.logging\jboss-logging\3.5.3.Final\c88fc1d8a96d4c3491f55d4317458ccad53ca663\jboss-logging-3.5.3.Final.jar;C:\Users\user\.gradle\caches\modules-2\files-2.1\com.fasterxml\classmate\1.6.0\91affab6f84a2182fce5dd72a8d01bc14346dddd\classmate-1.6.0.jar;C:\Users\user\.gradle\caches\modules-2\files-2.1\org.springframework.security\spring-security-core\6.2.5\6203d4c89fc322105a69407c5a413f5b1d15b2d9\spring-security-core-6.2.5.jar;C:\Users\user\.gradle\caches\modules-2\files-2.1\org.springframework.cloud\spring-cloud-context\4.1.3\45e39ae8a6b20bcd4c68eab08138ecddd0b7fd48\spring-cloud-context-4.1.3.jar;C:\Users\user\.gradle\caches\modules-2\files-2.1\org.springframework.security\spring-security-rsa\1.1.3\3d0c30d4b9adaf350e88ea1b0a62912aee4c3eee\spring-security-rsa-1.1.3.jar;C:\Users\user\.gradle\caches\modules-2\files-2.1\io.github.openfeign.form\feign-form-spring\3.8.0\71059f6e16ddbaf0e42f1b1aa0bb60cc2f823e4d\feign-form-spring-3.8.0.jar;C:\Users\user\.gradle\caches\modules-2\files-2.1\commons-fileupload\commons-fileupload\1.5\ad4ad2ab2961b4e1891472bd1a33fabefb0385f3\commons-fileupload-1.5.jar;C:\Users\user\.gradle\caches\modules-2\files-2.1\org.springframework.security\spring-security-crypto\6.2.5\c31136455bca4bf65f4647a6300be45ef3eb04e5\spring-security-crypto-6.2.5.jar;C:\Users\user\.gradle\caches\modules-2\files-2.1\org.springdoc\springdoc-openapi-starter-common\2.5.0\d83078092cc4e61ef502018c7560d466210cc14e\springdoc-openapi-starter-common-2.5.0.jar;C:\Users\user\.gradle\caches\modules-2\files-2.1\org.springframework.data\spring-data-keyvalue\3.2.7\fcb17786744933bd5d49eb02abf88f2ce7030d03\spring-data-keyvalue-3.2.7.jar;C:\Users\user\.gradle\caches\modules-2\files-2.1\org.springframework\spring-oxm\6.1.10\9db3d67a285fca31091d7c97a45de68842c38796\spring-oxm-6.1.10.jar;C:\Users\user\.gradle\caches\modules-2\files-2.1\io.netty\netty-handler\4.1.111.Final\2bc6a58ad2e9e279634b6e55022e8dcd3c175cc4\netty-handler-4.1.111.Final.jar;C:\Users\user\.gradle\caches\modules-2\files-2.1\io.netty\netty-transport\4.1.111.Final\24e97cf14ea9d80afe4c5ab69066b587fccc154a\netty-transport-4.1.111.Final.jar;C:\Users\user\.gradle\caches\modules-2\files-2.1\io.netty\netty-common\4.1.111.Final\58210befcb31adbcadd5724966a061444db91863\netty-common-4.1.111.Final.jar;C:\Users\user\.gradle\caches\modules-2\files-2.1\io.projectreactor\reactor-core\3.6.7\6d1918147645b5b8e577555a89ab271319f25d2f\reactor-core-3.6.7.jar;C:\Users\user\.gradle\caches\modules-2\files-2.1\org.springframework\spring-jcl\6.1.10\c22c18cf6ed7d768676816347f020a6868663224\spring-jcl-6.1.10.jar;C:\Users\user\.gradle\caches\modules-2\files-2.1\ch.qos.logback\logback-classic\1.4.14\d98bc162275134cdf1518774da4a2a17ef6fb94d\logback-classic-1.4.14.jar;C:\Users\user\.gradle\caches\modules-2\files-2.1\org.apache.logging.log4j\log4j-to-slf4j\2.21.1\d77b2ba81711ed596cd797cc2b5b5bd7409d841c\log4j-to-slf4j-2.21.1.jar;C:\Users\user\.gradle\caches\modules-2\files-2.1\org.slf4j\jul-to-slf4j\2.0.13\a3bcd9d9dd50c71ce69f06b1fd05e40fdeff6ba5\jul-to-slf4j-2.0.13.jar;C:\Users\user\.gradle\caches\modules-2\files-2.1\io.micrometer\micrometer-commons\1.12.7\c35759a840f3e5a0ceda8fbf42874a0e6c730c45\micrometer-commons-1.12.7.jar;C:\Users\user\.gradle\caches\modules-2\files-2.1\org.bouncycastle\bcprov-jdk18on\1.78\619aafb92dc0b4c6cc4cf86c487ca48ee2d67a8e\bcprov-jdk18on-1.78.jar;C:\Users\user\.gradle\caches\modules-2\files-2.1\io.github.openfeign.form\feign-form\3.8.0\3083889996b18443c275a352d3ab4bc6c8321598\feign-form-3.8.0.jar;C:\Users\user\.gradle\caches\modules-2\files-2.1\commons-io\commons-io\2.11.0\a2503f302b11ebde7ebc3df41daebe0e4eea3689\commons-io-2.11.0.jar;C:\Users\user\.gradle\caches\modules-2\files-2.1\io.swagger.core.v3\swagger-core-jakarta\2.2.21\b7d961d3431bb200af600c5bb6b68024c2f6282c\swagger-core-jakarta-2.2.21.jar;C:\Users\user\.gradle\caches\modules-2\files-2.1\io.netty\netty-transport-native-unix-common\4.1.111.Final\acafc128cddafa021bc0b48b0788eb0e118add5e\netty-transport-native-unix-common-4.1.111.Final.jar;C:\Users\user\.gradle\caches\modules-2\files-2.1\io.netty\netty-codec\4.1.111.Final\a6762ec00a6d268f9980741f5b755838bcd658bf\netty-codec-4.1.111.Final.jar;C:\Users\user\.gradle\caches\modules-2\files-2.1\io.netty\netty-resolver\4.1.111.Final\3493179999f211dc49714319f81da2be86523a3b\netty-resolver-4.1.111.Final.jar;C:\Users\user\.gradle\caches\modules-2\files-2.1\io.netty\netty-buffer\4.1.111.Final\b54863f578939e135d3b3aea610284ae57c188cf\netty-buffer-4.1.111.Final.jar;C:\Users\user\.gradle\caches\modules-2\files-2.1\org.reactivestreams\reactive-streams\1.0.4\3864a1320d97d7b045f729a326e1e077661f31b7\reactive-streams-1.0.4.jar;C:\Users\user\.gradle\caches\modules-2\files-2.1\ch.qos.logback\logback-core\1.4.14\4d3c2248219ac0effeb380ed4c5280a80bf395e8\logback-core-1.4.14.jar;C:\Users\user\.gradle\caches\modules-2\files-2.1\org.apache.logging.log4j\log4j-api\2.21.1\74c65e87b9ce1694a01524e192d7be989ba70486\log4j-api-2.21.1.jar;C:\Users\user\.gradle\caches\modules-2\files-2.1\io.swagger.core.v3\swagger-models-jakarta\2.2.21\3f6ed502304a3a2cc4ae847dbdc956ba010e8261\swagger-models-jakarta-2.2.21.jar;C:\Users\user\.gradle\caches\modules-2\files-2.1\com.fasterxml.jackson.dataformat\jackson-dataformat-yaml\2.15.4\4a5dcae45b67fe5edbec821711555d30347f69a0\jackson-dataformat-yaml-2.15.4.jar;C:\Users\user\.gradle\caches\modules-2\files-2.1\jakarta.xml.bind\jakarta.xml.bind-api\4.0.2\6cd5a999b834b63238005b7144136379dc36cad2\jakarta.xml.bind-api-4.0.2.jar;C:\Users\user\.gradle\caches\modules-2\files-2.1\org.apache.commons\commons-lang3\3.13.0\b7263237aa89c1f99b327197c41d0669707a462e\commons-lang3-3.13.0.jar;C:\Users\user\.gradle\caches\modules-2\files-2.1\io.swagger.core.v3\swagger-annotations-jakarta\2.2.21\3fa24dc3ad843c44602df97832f2d38e7bad1465\swagger-annotations-jakarta-2.2.21.jar;C:\Users\user\.gradle\caches\modules-2\files-2.1\io.jsonwebtoken\jjwt-impl\0.11.5\40a599f0e8a8e4e0701596fbb15e67bfda64fdf0\jjwt-impl-0.11.5.jar;C:\Users\user\.gradle\caches\modules-2\files-2.1\io.jsonwebtoken\jjwt-jackson\0.11.5\3b83a06809e98a69402d7333dcf67df6f6ea4579\jjwt-jackson-0.11.5.jar;C:\Users\user\.gradle\caches\modules-2\files-2.1\org.postgresql\postgresql\42.6.2\18c33c28326b2f81480833291b81f5eca080ab3c\postgresql-42.6.2.jar;C:\Users\user\.gradle\caches\modules-2\files-2.1\org.checkerframework\checker-qual\3.31.0\eeefd4af42e2f4221d145c1791582f91868f99ab\checker-qual-3.31.0.jar;C:\Users\user\.gradle\caches\modules-2\files-2.1\org.hibernate.common\hibernate-commons-annotations\6.0.6.Final\77a5f94b56d49508e0ee334751db5b78e5ccd50c\hibernate-commons-annotations-6.0.6.Final.jar;C:\Users\user\.gradle\caches\modules-2\files-2.1\io.smallrye\jandex\3.1.2\a6c1c89925c7df06242b03dddb353116ceb9584c\jandex-3.1.2.jar;C:\Users\user\.gradle\caches\modules-2\files-2.1\net.bytebuddy\byte-buddy\1.14.17\a8d08f3c1e75ecc7f38a8cfd7e9fa47919096373\byte-buddy-1.14.17.jar;C:\Users\user\.gradle\caches\modules-2\files-2.1\org.glassfish.jaxb\jaxb-runtime\4.0.5\ca84c2a7169b5293e232b9d00d1e4e36d4c3914a\jaxb-runtime-4.0.5.jar;C:\Users\user\.gradle\caches\modules-2\files-2.1\jakarta.inject\jakarta.inject-api\2.0.1\4c28afe1991a941d7702fe1362c365f0a8641d1e\jakarta.inject-api-2.0.1.jar;C:\Users\user\.gradle\caches\modules-2\files-2.1\org.eclipse.angus\angus-activation\2.0.2\41f1e0ddd157c856926ed149ab837d110955a9fc\angus-activation-2.0.2.jar;C:\Users\user\.gradle\caches\modules-2\files-2.1\org.glassfish.jaxb\jaxb-core\4.0.5\7b4b11ea5542eea4ad55e1080b23be436795b3\jaxb-core-4.0.5.jar;C:\Users\user\.gradle\caches\modules-2\files-2.1\org.glassfish.jaxb\txw2\4.0.5\f36a4ef12120a9bb06d766d6a0e54b144fd7ed98\txw2-4.0.5.jar;C:\Users\user\.gradle\caches\modules-2\files-2.1\com.sun.istack\istack-commons-runtime\4.1.2\18ec117c85f3ba0ac65409136afa8e42bc74e739\istack-commons-runtime-4.1.2.jar
Launcher Type: SUN_STANDARD

[Global flags]
     intx CICompilerCount                          = 12                                        {product} {ergonomic}
     uint ConcGCThreads                            = 3                                         {product} {ergonomic}
     uint G1ConcRefinementThreads                  = 13                                        {product} {ergonomic}
   size_t G1HeapRegionSize                         = 2097152                                   {product} {ergonomic}
    uintx GCDrainStackTargetSize                   = 64                                        {product} {ergonomic}
   size_t InitialHeapSize                          = 264241152                                 {product} {ergonomic}
     bool ManagementServer                         = true                                      {product} {command line}
   size_t MarkStackSize                            = 4194304                                   {product} {ergonomic}
   size_t MaxHeapSize                              = 4215275520                                {product} {ergonomic}
   size_t MinHeapDeltaBytes                        = 2097152                                   {product} {ergonomic}
   size_t MinHeapSize                              = 8388608                                   {product} {ergonomic}
    uintx NonProfiledCodeHeapSize                  = 0                                      {pd product} {ergonomic}
     bool ProfileInterpreter                       = false                                  {pd product} {command line}
    uintx ProfiledCodeHeapSize                     = 0                                      {pd product} {ergonomic}
   size_t SoftMaxHeapSize                          = 4215275520                             {manageable} {ergonomic}
     intx TieredStopAtLevel                        = 1                                         {product} {command line}
     bool UseCompressedClassPointers               = true                           {product lp64_product} {ergonomic}
     bool UseCompressedOops                        = true                           {product lp64_product} {ergonomic}
     bool UseG1GC                                  = true                                      {product} {ergonomic}
     bool UseLargePagesIndividualAllocation        = false                                  {pd product} {ergonomic}

Logging:
Log output configuration:
 #0: stdout all=warning uptime,level,tags foldmultilines=false
 #1: stderr all=off uptime,level,tags foldmultilines=false

Environment Variables:
PATH=C:\Users\user\Downloads\WINDOWS.X64_193000_db_home\bin;C:\Program Files\Common Files\Oracle\Java\javapath;C:\WINDOWS\system32;C:\WINDOWS;C:\WINDOWS\System32\Wbem;C:\WINDOWS\System32\WindowsPowerShell\v1.0\;C:\WINDOWS\System32\OpenSSH\;C:\Program Files\nodejs\;C:\Program Files\Microsoft SQL Server\150\Tools\Binn\;C:\Program Files\Microsoft SQL Server\Client SDK\ODBC\170\Tools\Binn\;C:\Program Files\dotnet\;C:\Program Files\Docker\Docker\resources\bin;C:\Program Files\Git\cmd;C:\Users\user\Downloads\ngrok-v3-stable-windows-amd64;C:\Users\user\AppData\Local\Programs\Python\Python38\Scripts\;C:\Users\user\AppData\Local\Programs\Python\Python38\;C:\Users\user\AppData\Local\Microsoft\WindowsApps;C:\Program Files\JetBrains\IntelliJ IDEA Community Edition 2023.2.2\bin;;C:\Users\user\AppData\Local\Programs\Microsoft VS Code\bin;C:\Users\user\AppData\Roaming\npm;C:\Users\user\.dotnet\tools;C:\Program Files\JetBrains\DataGrip 2024.3.4\bin;;C:\Program Files\PostgreSQL\17\bin;
USERNAME=user
OS=Windows_NT
PROCESSOR_IDENTIFIER=Intel64 Family 6 Model 154 Stepping 3, GenuineIntel
TMP=C:\Users\user\AppData\Local\Temp
TEMP=C:\Users\user\AppData\Local\Temp



---------------  S Y S T E M  ---------------

OS:
 Windows 11 , 64 bit Build 26100 (10.0.26100.4484)
OS uptime: 15 days 1:43 hours
Hyper-V role detected

CPU: total 16 (initial active 16) (8 cores per cpu, 2 threads per core) family 6 model 154 stepping 3 microcode 0x424, cx8, cmov, fxsr, ht, mmx, 3dnowpref, sse, sse2, sse3, ssse3, sse4.1, sse4.2, popcnt, lzcnt, tsc, tscinvbit, avx, avx2, aes, erms, clmul, bmi1, bmi2, adx, sha, fma, vzeroupper, clflush, clflushopt, clwb, hv, serialize, rdtscp, rdpid, fsrm

Memory: 4k page, system-wide physical 16077M (653M free)
TotalPageFile size 41702M (AvailPageFile size 55M)
current process WorkingSet (physical memory assigned to process): 13M, peak: 13M
current process commit charge ("private bytes"): 66M, peak: 318M

vm_info: OpenJDK 64-Bit Server VM (19.0.2+7-FR) for windows-amd64 JRE (19.0.2+7-FR), built on Jan 13 2023 22:53:32 by "Administrator" with MS VC++ 15.9 (VS2017)

END.
